<?xml version="1.0" encoding="UTF-8"?>
<!-- Generated by org.testng.reporters.JUnitReportReporter -->
<testsuite hostname="LAPTOP-PVUGEHH9" failures="0" tests="3" name="com.testng.ClassA" time="7.980" errors="0" timestamp="23 Aug 2023 08:23:59 GMT" skipped="0">
  <testcase classname="com.testng.ClassA" name="tc_2" time="2.566"/>
  <testcase classname="com.testng.ClassA" name="tc_3" time="2.220"/>
  <testcase classname="com.testng.ClassA" name="tc_1" time="3.194"/>
</testsuite> <!-- com.testng.ClassA -->
