<?xml version="1.0" encoding="UTF-8"?>
<!-- Generated by org.testng.reporters.JUnitReportReporter -->
<testsuite hostname="LAPTOP-PVUGEHH9" failures="0" tests="1" name="com.testng.Test" time="0.010" errors="0" timestamp="23 Aug 2023 08:23:21 GMT" skipped="0">
  <testcase classname="com.testng.Test" name="tc_3" time="0.010"/>
</testsuite> <!-- com.testng.Test -->
